app/build/intermediates/manifest_merge_blame_file/debug/manifest-merger-blame-debug-report.txt
1<?xml version="1.0" encoding="utf-8"?>
2<manifest xmlns:android="http://schemas.android.com/apk/res/android"
3    package="com.example.aiish"
4    android:versionCode="1"
5    android:versionName="1.0" >
6
7    <uses-sdk
8        android:minSdkVersion="25"
9        android:targetSdkVersion="34" />
10
11    <uses-permission android:name="android.permission.ACCESS_NETWORK_STATE" />
11-->src\main\AndroidManifest.xml:4:5-79
11-->src\main\AndroidManifest.xml:4:22-76
12    <uses-permission android:name="android.permission.READ_EXTERNAL_STORAGE" />
12-->src\main\AndroidManifest.xml:5:5-79
12-->src\main\AndroidManifest.xml:5:22-77
13    <uses-permission android:name="android.permission.INTERNET" />
13-->src\main\AndroidManifest.xml:6:5-67
13-->src\main\AndroidManifest.xml:6:22-64
14    <uses-permission android:name="com.google.android.providers.gsf.permission.READ_GSERVICES" />
14-->[com.google.android.recaptcha:recaptcha:18.4.0] AndroidManifest.xml:9:5-98
14-->[com.google.android.recaptcha:recaptcha:18.4.0] AndroidManifest.xml:9:22-95
15
16    <permission
16-->[androidx.core:core:1.12.0] AndroidManifest.xml:22:5-24:47
17        android:name="com.example.aiish.DYNAMIC_RECEIVER_NOT_EXPORTED_PERMISSION"
17-->[androidx.core:core:1.12.0] AndroidManifest.xml:23:9-81
18        android:protectionLevel="signature" />
18-->[androidx.core:core:1.12.0] AndroidManifest.xml:24:9-44
19
20    <uses-permission android:name="com.example.aiish.DYNAMIC_RECEIVER_NOT_EXPORTED_PERMISSION" />
20-->[androidx.core:core:1.12.0] AndroidManifest.xml:26:5-97
20-->[androidx.core:core:1.12.0] AndroidManifest.xml:26:22-94
21
22    <application
22-->src\main\AndroidManifest.xml:7:5-35:19
23        android:name="com.example.aiish.App"
23-->src\main\AndroidManifest.xml:8:9-28
24        android:allowBackup="true"
24-->src\main\AndroidManifest.xml:9:9-35
25        android:appComponentFactory="androidx.core.app.CoreComponentFactory"
25-->[androidx.core:core:1.12.0] AndroidManifest.xml:28:18-86
26        android:dataExtractionRules="@xml/data_extraction_rules"
26-->src\main\AndroidManifest.xml:10:9-65
27        android:debuggable="true"
28        android:extractNativeLibs="false"
29        android:fullBackupContent="@xml/backup_rules"
29-->src\main\AndroidManifest.xml:11:9-54
30        android:icon="@drawable/small_logo"
30-->src\main\AndroidManifest.xml:12:9-44
31        android:label="@string/app_name"
31-->src\main\AndroidManifest.xml:13:9-41
32        android:networkSecurityConfig="@xml/network_security_config"
32-->src\main\AndroidManifest.xml:17:9-69
33        android:roundIcon="@drawable/small_logo"
33-->src\main\AndroidManifest.xml:14:9-49
34        android:supportsRtl="true"
34-->src\main\AndroidManifest.xml:15:9-35
35        android:testOnly="true"
36        android:theme="@style/Theme.AIISH" >
36-->src\main\AndroidManifest.xml:16:9-43
37        <activity
37-->src\main\AndroidManifest.xml:19:9-28:20
38            android:name="com.example.aiish.MainActivity"
38-->src\main\AndroidManifest.xml:20:13-41
39            android:exported="true"
39-->src\main\AndroidManifest.xml:23:13-36
40            android:label="Let&apos;sTalkSign"
40-->src\main\AndroidManifest.xml:21:13-42
41            android:screenOrientation="portrait" >
41-->src\main\AndroidManifest.xml:22:13-49
42            <intent-filter>
42-->src\main\AndroidManifest.xml:24:13-27:29
43                <action android:name="android.intent.action.MAIN" />
43-->src\main\AndroidManifest.xml:25:17-69
43-->src\main\AndroidManifest.xml:25:25-66
44
45                <category android:name="android.intent.category.LAUNCHER" />
45-->src\main\AndroidManifest.xml:26:17-77
45-->src\main\AndroidManifest.xml:26:27-74
46            </intent-filter>
47        </activity>
48        <activity
48-->src\main\AndroidManifest.xml:29:9-34:20
49            android:name="com.example.aiish.Signin_page"
49-->src\main\AndroidManifest.xml:30:13-40
50            android:exported="true"
50-->src\main\AndroidManifest.xml:33:13-36
51            android:label="Let&apos;sTalkSign"
51-->src\main\AndroidManifest.xml:31:13-42
52            android:screenOrientation="portrait" >
52-->src\main\AndroidManifest.xml:32:13-49
53        </activity>
54        <activity
54-->[com.google.firebase:firebase-auth:22.3.1] AndroidManifest.xml:29:9-46:20
55            android:name="com.google.firebase.auth.internal.GenericIdpActivity"
55-->[com.google.firebase:firebase-auth:22.3.1] AndroidManifest.xml:30:13-80
56            android:excludeFromRecents="true"
56-->[com.google.firebase:firebase-auth:22.3.1] AndroidManifest.xml:31:13-46
57            android:exported="true"
57-->[com.google.firebase:firebase-auth:22.3.1] AndroidManifest.xml:32:13-36
58            android:launchMode="singleTask"
58-->[com.google.firebase:firebase-auth:22.3.1] AndroidManifest.xml:33:13-44
59            android:theme="@android:style/Theme.Translucent.NoTitleBar" >
59-->[com.google.firebase:firebase-auth:22.3.1] AndroidManifest.xml:34:13-72
60            <intent-filter>
60-->[com.google.firebase:firebase-auth:22.3.1] AndroidManifest.xml:35:13-45:29
61                <action android:name="android.intent.action.VIEW" />
61-->[com.google.firebase:firebase-auth:22.3.1] AndroidManifest.xml:36:17-69
61-->[com.google.firebase:firebase-auth:22.3.1] AndroidManifest.xml:36:25-66
62
63                <category android:name="android.intent.category.DEFAULT" />
63-->[com.google.firebase:firebase-auth:22.3.1] AndroidManifest.xml:38:17-76
63-->[com.google.firebase:firebase-auth:22.3.1] AndroidManifest.xml:38:27-73
64                <category android:name="android.intent.category.BROWSABLE" />
64-->[com.google.firebase:firebase-auth:22.3.1] AndroidManifest.xml:39:17-78
64-->[com.google.firebase:firebase-auth:22.3.1] AndroidManifest.xml:39:27-75
65
66                <data
66-->[com.google.firebase:firebase-auth:22.3.1] AndroidManifest.xml:41:17-44:51
67                    android:host="firebase.auth"
67-->[com.google.firebase:firebase-auth:22.3.1] AndroidManifest.xml:42:21-49
68                    android:path="/"
68-->[com.google.firebase:firebase-auth:22.3.1] AndroidManifest.xml:43:21-37
69                    android:scheme="genericidp" />
69-->[com.google.firebase:firebase-auth:22.3.1] AndroidManifest.xml:44:21-48
70            </intent-filter>
71        </activity>
72        <activity
72-->[com.google.firebase:firebase-auth:22.3.1] AndroidManifest.xml:47:9-64:20
73            android:name="com.google.firebase.auth.internal.RecaptchaActivity"
73-->[com.google.firebase:firebase-auth:22.3.1] AndroidManifest.xml:48:13-79
74            android:excludeFromRecents="true"
74-->[com.google.firebase:firebase-auth:22.3.1] AndroidManifest.xml:49:13-46
75            android:exported="true"
75-->[com.google.firebase:firebase-auth:22.3.1] AndroidManifest.xml:50:13-36
76            android:launchMode="singleTask"
76-->[com.google.firebase:firebase-auth:22.3.1] AndroidManifest.xml:51:13-44
77            android:theme="@android:style/Theme.Translucent.NoTitleBar" >
77-->[com.google.firebase:firebase-auth:22.3.1] AndroidManifest.xml:52:13-72
78            <intent-filter>
78-->[com.google.firebase:firebase-auth:22.3.1] AndroidManifest.xml:53:13-63:29
79                <action android:name="android.intent.action.VIEW" />
79-->[com.google.firebase:firebase-auth:22.3.1] AndroidManifest.xml:36:17-69
79-->[com.google.firebase:firebase-auth:22.3.1] AndroidManifest.xml:36:25-66
80
81                <category android:name="android.intent.category.DEFAULT" />
81-->[com.google.firebase:firebase-auth:22.3.1] AndroidManifest.xml:38:17-76
81-->[com.google.firebase:firebase-auth:22.3.1] AndroidManifest.xml:38:27-73
82                <category android:name="android.intent.category.BROWSABLE" />
82-->[com.google.firebase:firebase-auth:22.3.1] AndroidManifest.xml:39:17-78
82-->[com.google.firebase:firebase-auth:22.3.1] AndroidManifest.xml:39:27-75
83
84                <data
84-->[com.google.firebase:firebase-auth:22.3.1] AndroidManifest.xml:41:17-44:51
85                    android:host="firebase.auth"
85-->[com.google.firebase:firebase-auth:22.3.1] AndroidManifest.xml:42:21-49
86                    android:path="/"
86-->[com.google.firebase:firebase-auth:22.3.1] AndroidManifest.xml:43:21-37
87                    android:scheme="recaptcha" />
87-->[com.google.firebase:firebase-auth:22.3.1] AndroidManifest.xml:44:21-48
88            </intent-filter>
89        </activity>
90
91        <service
91-->[com.google.firebase:firebase-auth:22.3.1] AndroidManifest.xml:66:9-72:19
92            android:name="com.google.firebase.components.ComponentDiscoveryService"
92-->[com.google.firebase:firebase-auth:22.3.1] AndroidManifest.xml:67:13-84
93            android:directBootAware="true"
93-->[com.google.firebase:firebase-common:20.4.2] AndroidManifest.xml:32:13-43
94            android:exported="false" >
94-->[com.google.firebase:firebase-auth:22.3.1] AndroidManifest.xml:68:13-37
95            <meta-data
95-->[com.google.firebase:firebase-auth:22.3.1] AndroidManifest.xml:69:13-71:85
96                android:name="com.google.firebase.components:com.google.firebase.auth.FirebaseAuthRegistrar"
96-->[com.google.firebase:firebase-auth:22.3.1] AndroidManifest.xml:70:17-109
97                android:value="com.google.firebase.components.ComponentRegistrar" />
97-->[com.google.firebase:firebase-auth:22.3.1] AndroidManifest.xml:71:17-82
98            <meta-data
98-->[com.google.firebase:firebase-common-ktx:20.4.2] AndroidManifest.xml:12:13-14:85
99                android:name="com.google.firebase.components:com.google.firebase.ktx.FirebaseCommonLegacyRegistrar"
99-->[com.google.firebase:firebase-common-ktx:20.4.2] AndroidManifest.xml:13:17-116
100                android:value="com.google.firebase.components.ComponentRegistrar" />
100-->[com.google.firebase:firebase-common-ktx:20.4.2] AndroidManifest.xml:14:17-82
101            <meta-data
101-->[com.google.firebase:firebase-common:20.4.2] AndroidManifest.xml:35:13-37:85
102                android:name="com.google.firebase.components:com.google.firebase.FirebaseCommonKtxRegistrar"
102-->[com.google.firebase:firebase-common:20.4.2] AndroidManifest.xml:36:17-109
103                android:value="com.google.firebase.components.ComponentRegistrar" />
103-->[com.google.firebase:firebase-common:20.4.2] AndroidManifest.xml:37:17-82
104        </service>
105        <service
105-->[com.google.mlkit:translate:17.0.2] AndroidManifest.xml:11:9-17:19
106            android:name="com.google.mlkit.common.internal.MlKitComponentDiscoveryService"
106-->[com.google.mlkit:translate:17.0.2] AndroidManifest.xml:12:13-91
107            android:directBootAware="true"
107-->[com.google.mlkit:common:18.10.0] AndroidManifest.xml:17:13-43
108            android:exported="false" >
108-->[com.google.mlkit:translate:17.0.2] AndroidManifest.xml:13:13-37
109            <meta-data
109-->[com.google.mlkit:translate:17.0.2] AndroidManifest.xml:14:13-16:85
110                android:name="com.google.firebase.components:com.google.mlkit.nl.translate.NaturalLanguageTranslateRegistrar"
110-->[com.google.mlkit:translate:17.0.2] AndroidManifest.xml:15:17-126
111                android:value="com.google.firebase.components.ComponentRegistrar" />
111-->[com.google.mlkit:translate:17.0.2] AndroidManifest.xml:16:17-82
112            <meta-data
112-->[com.google.android.gms:play-services-mlkit-text-recognition-common:19.0.0] AndroidManifest.xml:12:13-14:85
113                android:name="com.google.firebase.components:com.google.mlkit.vision.text.internal.TextRegistrar"
113-->[com.google.android.gms:play-services-mlkit-text-recognition-common:19.0.0] AndroidManifest.xml:13:17-114
114                android:value="com.google.firebase.components.ComponentRegistrar" />
114-->[com.google.android.gms:play-services-mlkit-text-recognition-common:19.0.0] AndroidManifest.xml:14:17-82
115            <meta-data
115-->[com.google.mlkit:vision-common:17.3.0] AndroidManifest.xml:12:13-14:85
116                android:name="com.google.firebase.components:com.google.mlkit.vision.common.internal.VisionCommonRegistrar"
116-->[com.google.mlkit:vision-common:17.3.0] AndroidManifest.xml:13:17-124
117                android:value="com.google.firebase.components.ComponentRegistrar" />
117-->[com.google.mlkit:vision-common:17.3.0] AndroidManifest.xml:14:17-82
118            <meta-data
118-->[com.google.mlkit:common:18.10.0] AndroidManifest.xml:20:13-22:85
119                android:name="com.google.firebase.components:com.google.mlkit.common.internal.CommonComponentRegistrar"
119-->[com.google.mlkit:common:18.10.0] AndroidManifest.xml:21:17-120
120                android:value="com.google.firebase.components.ComponentRegistrar" />
120-->[com.google.mlkit:common:18.10.0] AndroidManifest.xml:22:17-82
121        </service>
122
123        <activity
123-->[androidx.compose.ui:ui-tooling-android:1.5.0] AndroidManifest.xml:23:9-25:39
124            android:name="androidx.compose.ui.tooling.PreviewActivity"
124-->[androidx.compose.ui:ui-tooling-android:1.5.0] AndroidManifest.xml:24:13-71
125            android:exported="true" />
125-->[androidx.compose.ui:ui-tooling-android:1.5.0] AndroidManifest.xml:25:13-36
126        <activity
126-->[androidx.compose.ui:ui-test-manifest:1.5.0] AndroidManifest.xml:23:9-25:39
127            android:name="androidx.activity.ComponentActivity"
127-->[androidx.compose.ui:ui-test-manifest:1.5.0] AndroidManifest.xml:24:13-63
128            android:exported="true" />
128-->[androidx.compose.ui:ui-test-manifest:1.5.0] AndroidManifest.xml:25:13-36
129
130        <provider
130-->[com.google.mlkit:common:18.10.0] AndroidManifest.xml:9:9-13:38
131            android:name="com.google.mlkit.common.internal.MlKitInitProvider"
131-->[com.google.mlkit:common:18.10.0] AndroidManifest.xml:10:13-78
132            android:authorities="com.example.aiish.mlkitinitprovider"
132-->[com.google.mlkit:common:18.10.0] AndroidManifest.xml:11:13-69
133            android:exported="false"
133-->[com.google.mlkit:common:18.10.0] AndroidManifest.xml:12:13-37
134            android:initOrder="99" />
134-->[com.google.mlkit:common:18.10.0] AndroidManifest.xml:13:13-35
135
136        <activity
136-->[com.google.android.gms:play-services-auth:20.7.0] AndroidManifest.xml:23:9-27:75
137            android:name="com.google.android.gms.auth.api.signin.internal.SignInHubActivity"
137-->[com.google.android.gms:play-services-auth:20.7.0] AndroidManifest.xml:24:13-93
138            android:excludeFromRecents="true"
138-->[com.google.android.gms:play-services-auth:20.7.0] AndroidManifest.xml:25:13-46
139            android:exported="false"
139-->[com.google.android.gms:play-services-auth:20.7.0] AndroidManifest.xml:26:13-37
140            android:theme="@android:style/Theme.Translucent.NoTitleBar" />
140-->[com.google.android.gms:play-services-auth:20.7.0] AndroidManifest.xml:27:13-72
141        <!--
142            Service handling Google Sign-In user revocation. For apps that do not integrate with
143            Google Sign-In, this service will never be started.
144        -->
145        <service
145-->[com.google.android.gms:play-services-auth:20.7.0] AndroidManifest.xml:33:9-37:51
146            android:name="com.google.android.gms.auth.api.signin.RevocationBoundService"
146-->[com.google.android.gms:play-services-auth:20.7.0] AndroidManifest.xml:34:13-89
147            android:exported="true"
147-->[com.google.android.gms:play-services-auth:20.7.0] AndroidManifest.xml:35:13-36
148            android:permission="com.google.android.gms.auth.api.signin.permission.REVOCATION_NOTIFICATION"
148-->[com.google.android.gms:play-services-auth:20.7.0] AndroidManifest.xml:36:13-107
149            android:visibleToInstantApps="true" />
149-->[com.google.android.gms:play-services-auth:20.7.0] AndroidManifest.xml:37:13-48
150
151        <activity
151-->[com.google.android.gms:play-services-base:18.1.0] AndroidManifest.xml:20:9-22:45
152            android:name="com.google.android.gms.common.api.GoogleApiActivity"
152-->[com.google.android.gms:play-services-base:18.1.0] AndroidManifest.xml:20:19-85
153            android:exported="false"
153-->[com.google.android.gms:play-services-base:18.1.0] AndroidManifest.xml:22:19-43
154            android:theme="@android:style/Theme.Translucent.NoTitleBar" />
154-->[com.google.android.gms:play-services-base:18.1.0] AndroidManifest.xml:21:19-78
155
156        <provider
156-->[com.google.firebase:firebase-common:20.4.2] AndroidManifest.xml:23:9-28:39
157            android:name="com.google.firebase.provider.FirebaseInitProvider"
157-->[com.google.firebase:firebase-common:20.4.2] AndroidManifest.xml:24:13-77
158            android:authorities="com.example.aiish.firebaseinitprovider"
158-->[com.google.firebase:firebase-common:20.4.2] AndroidManifest.xml:25:13-72
159            android:directBootAware="true"
159-->[com.google.firebase:firebase-common:20.4.2] AndroidManifest.xml:26:13-43
160            android:exported="false"
160-->[com.google.firebase:firebase-common:20.4.2] AndroidManifest.xml:27:13-37
161            android:initOrder="100" />
161-->[com.google.firebase:firebase-common:20.4.2] AndroidManifest.xml:28:13-36
162        <provider
162-->[androidx.emoji2:emoji2:1.4.0] AndroidManifest.xml:24:9-32:20
163            android:name="androidx.startup.InitializationProvider"
163-->[androidx.emoji2:emoji2:1.4.0] AndroidManifest.xml:25:13-67
164            android:authorities="com.example.aiish.androidx-startup"
164-->[androidx.emoji2:emoji2:1.4.0] AndroidManifest.xml:26:13-68
165            android:exported="false" >
165-->[androidx.emoji2:emoji2:1.4.0] AndroidManifest.xml:27:13-37
166            <meta-data
166-->[androidx.emoji2:emoji2:1.4.0] AndroidManifest.xml:29:13-31:52
167                android:name="androidx.emoji2.text.EmojiCompatInitializer"
167-->[androidx.emoji2:emoji2:1.4.0] AndroidManifest.xml:30:17-75
168                android:value="androidx.startup" />
168-->[androidx.emoji2:emoji2:1.4.0] AndroidManifest.xml:31:17-49
169            <meta-data
169-->[androidx.lifecycle:lifecycle-process:2.7.0] AndroidManifest.xml:29:13-31:52
170                android:name="androidx.lifecycle.ProcessLifecycleInitializer"
170-->[androidx.lifecycle:lifecycle-process:2.7.0] AndroidManifest.xml:30:17-78
171                android:value="androidx.startup" />
171-->[androidx.lifecycle:lifecycle-process:2.7.0] AndroidManifest.xml:31:17-49
172            <meta-data
172-->[androidx.profileinstaller:profileinstaller:1.3.0] AndroidManifest.xml:29:13-31:52
173                android:name="androidx.profileinstaller.ProfileInstallerInitializer"
173-->[androidx.profileinstaller:profileinstaller:1.3.0] AndroidManifest.xml:30:17-85
174                android:value="androidx.startup" />
174-->[androidx.profileinstaller:profileinstaller:1.3.0] AndroidManifest.xml:31:17-49
175        </provider>
176
177        <meta-data
177-->[com.google.android.gms:play-services-basement:18.2.0] AndroidManifest.xml:21:9-23:69
178            android:name="com.google.android.gms.version"
178-->[com.google.android.gms:play-services-basement:18.2.0] AndroidManifest.xml:22:13-58
179            android:value="@integer/google_play_services_version" />
179-->[com.google.android.gms:play-services-basement:18.2.0] AndroidManifest.xml:23:13-66
180
181        <activity
181-->[com.bugfender.sdk:android:3.1.1] AndroidManifest.xml:13:9-17:58
182            android:name="com.bugfender.sdk.ui.FeedbackActivity"
182-->[com.bugfender.sdk:android:3.1.1] AndroidManifest.xml:14:13-65
183            android:exported="false"
183-->[com.bugfender.sdk:android:3.1.1] AndroidManifest.xml:15:13-37
184            android:theme="@style/NoActionBar"
184-->[com.bugfender.sdk:android:3.1.1] AndroidManifest.xml:16:13-47
185            android:windowSoftInputMode="adjustResize" />
185-->[com.bugfender.sdk:android:3.1.1] AndroidManifest.xml:17:13-55
186
187        <service
187-->[com.google.android.datatransport:transport-backend-cct:2.3.3] AndroidManifest.xml:29:9-35:19
188            android:name="com.google.android.datatransport.runtime.backends.TransportBackendDiscovery"
188-->[com.google.android.datatransport:transport-backend-cct:2.3.3] AndroidManifest.xml:30:13-103
189            android:exported="false" >
189-->[com.google.android.datatransport:transport-backend-cct:2.3.3] AndroidManifest.xml:31:13-37
190            <meta-data
190-->[com.google.android.datatransport:transport-backend-cct:2.3.3] AndroidManifest.xml:32:13-34:39
191                android:name="backend:com.google.android.datatransport.cct.CctBackendFactory"
191-->[com.google.android.datatransport:transport-backend-cct:2.3.3] AndroidManifest.xml:33:17-94
192                android:value="cct" />
192-->[com.google.android.datatransport:transport-backend-cct:2.3.3] AndroidManifest.xml:34:17-36
193        </service>
194        <service
194-->[com.google.android.datatransport:transport-runtime:2.2.6] AndroidManifest.xml:26:9-30:19
195            android:name="com.google.android.datatransport.runtime.scheduling.jobscheduling.JobInfoSchedulerService"
195-->[com.google.android.datatransport:transport-runtime:2.2.6] AndroidManifest.xml:27:13-117
196            android:exported="false"
196-->[com.google.android.datatransport:transport-runtime:2.2.6] AndroidManifest.xml:28:13-37
197            android:permission="android.permission.BIND_JOB_SERVICE" >
197-->[com.google.android.datatransport:transport-runtime:2.2.6] AndroidManifest.xml:29:13-69
198        </service>
199
200        <receiver
200-->[com.google.android.datatransport:transport-runtime:2.2.6] AndroidManifest.xml:32:9-34:40
201            android:name="com.google.android.datatransport.runtime.scheduling.jobscheduling.AlarmManagerSchedulerBroadcastReceiver"
201-->[com.google.android.datatransport:transport-runtime:2.2.6] AndroidManifest.xml:33:13-132
202            android:exported="false" />
202-->[com.google.android.datatransport:transport-runtime:2.2.6] AndroidManifest.xml:34:13-37
203        <receiver
203-->[androidx.profileinstaller:profileinstaller:1.3.0] AndroidManifest.xml:34:9-52:20
204            android:name="androidx.profileinstaller.ProfileInstallReceiver"
204-->[androidx.profileinstaller:profileinstaller:1.3.0] AndroidManifest.xml:35:13-76
205            android:directBootAware="false"
205-->[androidx.profileinstaller:profileinstaller:1.3.0] AndroidManifest.xml:36:13-44
206            android:enabled="true"
206-->[androidx.profileinstaller:profileinstaller:1.3.0] AndroidManifest.xml:37:13-35
207            android:exported="true"
207-->[androidx.profileinstaller:profileinstaller:1.3.0] AndroidManifest.xml:38:13-36
208            android:permission="android.permission.DUMP" >
208-->[androidx.profileinstaller:profileinstaller:1.3.0] AndroidManifest.xml:39:13-57
209            <intent-filter>
209-->[androidx.profileinstaller:profileinstaller:1.3.0] AndroidManifest.xml:40:13-42:29
210                <action android:name="androidx.profileinstaller.action.INSTALL_PROFILE" />
210-->[androidx.profileinstaller:profileinstaller:1.3.0] AndroidManifest.xml:41:17-91
210-->[androidx.profileinstaller:profileinstaller:1.3.0] AndroidManifest.xml:41:25-88
211            </intent-filter>
212            <intent-filter>
212-->[androidx.profileinstaller:profileinstaller:1.3.0] AndroidManifest.xml:43:13-45:29
213                <action android:name="androidx.profileinstaller.action.SKIP_FILE" />
213-->[androidx.profileinstaller:profileinstaller:1.3.0] AndroidManifest.xml:44:17-85
213-->[androidx.profileinstaller:profileinstaller:1.3.0] AndroidManifest.xml:44:25-82
214            </intent-filter>
215            <intent-filter>
215-->[androidx.profileinstaller:profileinstaller:1.3.0] AndroidManifest.xml:46:13-48:29
216                <action android:name="androidx.profileinstaller.action.SAVE_PROFILE" />
216-->[androidx.profileinstaller:profileinstaller:1.3.0] AndroidManifest.xml:47:17-88
216-->[androidx.profileinstaller:profileinstaller:1.3.0] AndroidManifest.xml:47:25-85
217            </intent-filter>
218            <intent-filter>
218-->[androidx.profileinstaller:profileinstaller:1.3.0] AndroidManifest.xml:49:13-51:29
219                <action android:name="androidx.profileinstaller.action.BENCHMARK_OPERATION" />
219-->[androidx.profileinstaller:profileinstaller:1.3.0] AndroidManifest.xml:50:17-95
219-->[androidx.profileinstaller:profileinstaller:1.3.0] AndroidManifest.xml:50:25-92
220            </intent-filter>
221        </receiver>
222    </application>
223
224</manifest>